<?xml version="1.0" encoding="UTF-8"?>
<!-- Generated by org.testng.reporters.JUnitReportReporter -->
<testsuite hostname="DESKTOP-U61CLK6" name="mavenGithubJenkinsProject.DataDrivenTesting" tests="4" failures="0" timestamp="23 Dec 2018 06:37:02 GMT" time="51.139" errors="0">
  <testcase name="testData" time="13.260" classname="mavenGithubJenkinsProject.DataDrivenTesting"/>
  <testcase name="testData" time="12.894" classname="mavenGithubJenkinsProject.DataDrivenTesting"/>
  <testcase name="testData" time="12.199" classname="mavenGithubJenkinsProject.DataDrivenTesting"/>
  <testcase name="testData" time="12.786" classname="mavenGithubJenkinsProject.DataDrivenTesting"/>
</testsuite>
