<?xml version="1.0" encoding="UTF-8"?>
<!-- Generated by org.testng.reporters.JUnitReportReporter -->
<testsuite hostname="DESKTOP-U61CLK6" name="mavenGithubJenkinsProject.DropDownTesting" tests="1" failures="0" timestamp="23 Dec 2018 06:37:02 GMT" time="14.863" errors="0">
  <testcase name="testDropDown" time="14.863" classname="mavenGithubJenkinsProject.DropDownTesting"/>
</testsuite>
