<?xml version="1.0" encoding="UTF-8"?>
<!-- Generated by org.testng.reporters.JUnitReportReporter -->
<testsuite hostname="DESKTOP-U61CLK6" name="com.qa.testcases.DataDrivenTesting" tests="4" failures="0" timestamp="26 Dec 2018 03:45:15 GMT" time="51.200" errors="0">
  <testcase name="testData" time="13.504" classname="com.qa.testcases.DataDrivenTesting"/>
  <testcase name="testData" time="12.153" classname="com.qa.testcases.DataDrivenTesting"/>
  <testcase name="testData" time="12.614" classname="com.qa.testcases.DataDrivenTesting"/>
  <testcase name="testData" time="12.929" classname="com.qa.testcases.DataDrivenTesting"/>
</testsuite> <!-- com.qa.testcases.DataDrivenTesting -->
