<?xml version="1.0" encoding="UTF-8"?>
<!-- Generated by org.testng.reporters.JUnitReportReporter -->
<testsuite hostname="DESKTOP-U61CLK6" name="mavenGithubJenkinsProject.MouseHoverExample" tests="1" failures="0" timestamp="23 Dec 2018 06:37:02 GMT" time="16.323" errors="0">
  <testcase name="mouseHoverExampleTesting" time="16.323" classname="mavenGithubJenkinsProject.MouseHoverExample"/>
</testsuite>
