<?xml version="1.0" encoding="UTF-8"?>
<!-- Generated by org.testng.reporters.JUnitReportReporter -->
<testsuite hostname="DESKTOP-U61CLK6" name="mavenGithubJenkinsProject.DropDownTesting" tests="1" failures="0" timestamp="23 Dec 2018 19:15:19 GMT" time="15.556" errors="0">
  <testcase name="testDropDown" time="15.556" classname="mavenGithubJenkinsProject.DropDownTesting"/>
</testsuite>
