<?xml version="1.0" encoding="UTF-8"?>
<!-- Generated by org.testng.reporters.JUnitReportReporter -->
<testsuite hostname="DESKTOP-U61CLK6" name="com.qa.testcases.DataDrivenTesting" tests="4" failures="0" timestamp="26 Dec 2018 04:05:52 GMT" time="54.804" errors="0">
  <testcase name="testData" time="14.335" classname="com.qa.testcases.DataDrivenTesting"/>
  <testcase name="testData" time="13.251" classname="com.qa.testcases.DataDrivenTesting"/>
  <testcase name="testData" time="13.681" classname="com.qa.testcases.DataDrivenTesting"/>
  <testcase name="testData" time="13.537" classname="com.qa.testcases.DataDrivenTesting"/>
</testsuite> <!-- com.qa.testcases.DataDrivenTesting -->
