<?xml version="1.0" encoding="UTF-8"?>
<!-- Generated by org.testng.reporters.JUnitReportReporter -->
<testsuite hostname="DESKTOP-U61CLK6" name="com.qa.testcases.DropDownTesting" tests="1" failures="0" timestamp="26 Dec 2018 04:05:52 GMT" time="21.095" errors="0">
  <testcase name="testDropDown" time="21.095" classname="com.qa.testcases.DropDownTesting"/>
</testsuite> <!-- com.qa.testcases.DropDownTesting -->
