<?xml version="1.0" encoding="UTF-8"?>
<!-- Generated by org.testng.reporters.JUnitReportReporter -->
<testsuite hostname="DESKTOP-U61CLK6" name="com.qa.testcases.MouseHoverExample" tests="1" failures="0" timestamp="26 Dec 2018 04:05:52 GMT" time="16.674" errors="0">
  <testcase name="mouseHoverExampleTesting" time="16.674" classname="com.qa.testcases.MouseHoverExample"/>
</testsuite> <!-- com.qa.testcases.MouseHoverExample -->
